2025-03-27 17:35:58.406 | INFO     | utils.logger:<module>:36 - Logging to file: logs\project_log.log
2025-03-27 17:35:58.407 | INFO     | __main__:main:262 - ==================================
2025-03-27 17:35:58.408 | INFO     | __main__:main:263 - STARTING prepare_sales_data.py
2025-03-27 17:35:58.408 | INFO     | __main__:main:264 - ==================================
2025-03-27 17:35:58.409 | INFO     | __main__:read_raw_data:59 - FUNCTION START: read_raw_data with file_name=sales_data.csv
2025-03-27 17:35:58.409 | INFO     | __main__:read_raw_data:61 - Reading data from C:\Projects\smart-store-freddy\data\raw\sales_data.csv
2025-03-27 17:35:58.464 | INFO     | __main__:read_raw_data:63 - Loaded dataframe with 94 rows and 9 columns
2025-03-27 17:35:58.467 | INFO     | __main__:read_raw_data:71 - Column datatypes: 
TransactionID      int64
SaleDate          object
CustomerID         int64
ProductID          int64
StoreID            int64
CampaignID         int64
SaleAmount       float64
BonusPoints      float64
State             object
dtype: object
2025-03-27 17:35:58.487 | INFO     | __main__:read_raw_data:72 - Number of unique values: 
TransactionID    94
SaleDate         44
CustomerID       11
ProductID         8
StoreID           6
CampaignID        4
SaleAmount       59
BonusPoints      59
State            16
dtype: int64
2025-03-27 17:35:58.490 | INFO     | __main__:main:276 - Initial dataframe columns: TransactionID, SaleDate, CustomerID, ProductID, StoreID, CampaignID, SaleAmount, BonusPoints, State
2025-03-27 17:35:58.491 | INFO     | __main__:main:277 - Initial dataframe shape: (94, 9)
2025-03-27 17:35:58.495 | INFO     | __main__:remove_duplicates:99 - FUNCTION START: remove_duplicates with dataframe shape=(94, 9)
2025-03-27 17:35:58.503 | INFO     | __main__:remove_duplicates:115 - Removed 0 duplicate rows
2025-03-27 17:35:58.504 | INFO     | __main__:remove_duplicates:116 - 94 records remaining after removing duplicates.
2025-03-27 17:35:58.505 | INFO     | __main__:handle_missing_values:130 - FUNCTION START: handle_missing_values with dataframe shape=(94, 9)
2025-03-27 17:35:58.509 | INFO     | __main__:handle_missing_values:135 - Missing values by column before handling:
TransactionID    0
SaleDate         0
CustomerID       0
ProductID        0
StoreID          0
CampaignID       0
SaleAmount       0
BonusPoints      0
State            3
dtype: int64
2025-03-27 17:35:58.516 | INFO     | __main__:handle_missing_values:152 - Missing values by column after handling:
TransactionID    0
SaleDate         0
CustomerID       0
ProductID        0
StoreID          0
CampaignID       0
SaleAmount       0
BonusPoints      0
State            0
dtype: int64
2025-03-27 17:35:58.517 | INFO     | __main__:handle_missing_values:153 - 94 records remaining after handling missing values.
2025-03-27 17:35:58.518 | INFO     | __main__:standardize_formats:212 - FUNCTION START: standardize_formats with dataframe shape=(94, 9)
2025-03-27 17:35:58.519 | INFO     | __main__:standardize_formats:222 - Completed standardizing formats
2025-03-27 17:35:58.519 | INFO     | __main__:remove_outliers:167 - FUNCTION START: remove_outliers with dataframe shape=(94, 9)
2025-03-27 17:35:58.535 | INFO     | __main__:remove_outliers:198 - Removed 51 outlier rows
2025-03-27 17:35:58.536 | INFO     | __main__:remove_outliers:199 - 43 records remaining after removing outliers.
2025-03-27 17:35:58.536 | INFO     | __main__:validate_data:235 - FUNCTION START: validate_data with dataframe shape=(43, 9)
2025-03-27 17:35:58.541 | INFO     | __main__:validate_data:249 - Found 0 sales with negative bonus points
2025-03-27 17:35:58.544 | INFO     | __main__:validate_data:255 - Data validation complete
2025-03-27 17:35:58.545 | INFO     | __main__:save_prepared_data:84 - FUNCTION START: save_prepared_data with file_name=sales_data_prepared.csv, dataframe shape=(43, 9)
2025-03-27 17:35:58.553 | INFO     | __main__:save_prepared_data:87 - Data saved to C:\Projects\smart-store-freddy\data\prepared\sales_data_prepared.csv
2025-03-27 17:35:58.554 | INFO     | __main__:main:298 - ==================================
2025-03-27 17:35:58.555 | INFO     | __main__:main:299 - FINISHED prepare_sales_data.py
2025-03-27 17:35:58.556 | INFO     | __main__:main:300 - ==================================
2025-03-27 17:38:23.657 | INFO     | utils.logger:<module>:36 - Logging to file: logs\project_log.log
2025-03-27 17:38:23.658 | INFO     | __main__:main:227 - ==================================
2025-03-27 17:38:23.659 | INFO     | __main__:main:228 - STARTING prepare_products_data.py
2025-03-27 17:38:23.660 | INFO     | __main__:main:229 - ==================================
2025-03-27 17:38:23.660 | INFO     | __main__:main:231 - Root project folder: C:\Projects\smart-store-freddy
2025-03-27 17:38:23.660 | INFO     | __main__:main:232 - data / raw folder: C:\Projects\smart-store-freddy\data\raw
2025-03-27 17:38:23.661 | INFO     | __main__:main:233 - data / prepared folder: C:\Projects\smart-store-freddy\data\prepared
2025-03-27 17:38:23.662 | INFO     | __main__:read_raw_data:59 - FUNCTION START: read_raw_data with file_name=products_data.csv
2025-03-27 17:38:23.663 | INFO     | __main__:read_raw_data:61 - Reading data from C:\Projects\smart-store-freddy\data\raw\products_data.csv
2025-03-27 17:38:23.708 | INFO     | __main__:read_raw_data:63 - Loaded dataframe with 8 rows and 6 columns
2025-03-27 17:38:23.709 | INFO     | __main__:main:242 - Initial dataframe columns: ProductID, ProductName, Category, UnitPrice, StockQuantity, Supplier
2025-03-27 17:38:23.710 | INFO     | __main__:main:243 - Initial dataframe shape: (8, 6)
2025-03-27 17:38:23.712 | INFO     | __main__:main:252 - Cleaned column names: ProductID -> productid, ProductName -> productname, Category -> category, UnitPrice -> unitprice, StockQuantity -> stockquantity, Supplier -> supplier
2025-03-27 17:38:23.713 | INFO     | __main__:remove_duplicates:96 - FUNCTION START: remove_duplicates with dataframe shape=(8, 6)
2025-03-27 17:38:23.728 | INFO     | __main__:remove_duplicates:106 - Removed 0 duplicate rows
2025-03-27 17:38:23.729 | INFO     | __main__:remove_duplicates:107 - 8 records remaining after removing duplicates.
2025-03-27 17:38:23.729 | INFO     | __main__:handle_missing_values:121 - FUNCTION START: handle_missing_values with dataframe shape=(8, 6)
2025-03-27 17:38:23.731 | INFO     | __main__:handle_missing_values:126 - Missing values by column before handling:
productid        0
productname      0
category         0
unitprice        0
stockquantity    1
supplier         0
dtype: int64
2025-03-27 17:38:23.733 | INFO     | __main__:handle_missing_values:140 - Missing values by column after handling:
productid        0
productname      0
category         0
unitprice        0
stockquantity    1
supplier         0
dtype: int64
2025-03-27 17:38:23.734 | INFO     | __main__:handle_missing_values:141 - 8 records remaining after handling missing values.
2025-03-27 17:38:23.734 | INFO     | __main__:standardize_formats:188 - FUNCTION START: standardize_formats with dataframe shape=(8, 6)
2025-03-27 17:38:23.735 | INFO     | __main__:standardize_formats:198 - Completed standardizing formats
2025-03-27 17:38:23.735 | INFO     | __main__:remove_outliers:155 - FUNCTION START: remove_outliers with dataframe shape=(8, 6)
2025-03-27 17:38:23.736 | INFO     | __main__:remove_outliers:174 - Removed 0 outlier rows
2025-03-27 17:38:23.736 | INFO     | __main__:remove_outliers:175 - 8 records remaining after removing outliers.
2025-03-27 17:38:23.737 | INFO     | __main__:validate_data:211 - FUNCTION START: validate_data with dataframe shape=(8, 6)
2025-03-27 17:38:23.738 | INFO     | __main__:validate_data:220 - Data validation complete
2025-03-27 17:38:23.739 | INFO     | __main__:save_prepared_data:81 - FUNCTION START: save_prepared_data with file_name=products_data_prepared.csv, dataframe shape=(8, 6)
2025-03-27 17:38:23.745 | INFO     | __main__:save_prepared_data:84 - Data saved to C:\Projects\smart-store-freddy\data\prepared\products_data_prepared.csv
2025-03-27 17:38:23.747 | INFO     | __main__:main:264 - ==================================
2025-03-27 17:38:23.748 | INFO     | __main__:main:265 - FINISHED prepare_products_data.py
2025-03-27 17:38:23.749 | INFO     | __main__:main:266 - ==================================
2025-03-27 17:39:01.951 | INFO     | utils.logger:<module>:36 - Logging to file: logs\project_log.log
2025-03-27 17:39:01.951 | INFO     | __main__:main:227 - ==================================
2025-03-27 17:39:01.952 | INFO     | __main__:main:228 - STARTING prepare_products_data.py
2025-03-27 17:39:01.952 | INFO     | __main__:main:229 - ==================================
2025-03-27 17:39:01.953 | INFO     | __main__:main:231 - Root project folder: C:\Projects\smart-store-freddy
2025-03-27 17:39:01.953 | INFO     | __main__:main:232 - data / raw folder: C:\Projects\smart-store-freddy\data\raw
2025-03-27 17:39:01.953 | INFO     | __main__:main:233 - data / prepared folder: C:\Projects\smart-store-freddy\data\prepared
2025-03-27 17:39:01.954 | INFO     | __main__:read_raw_data:59 - FUNCTION START: read_raw_data with file_name=products_data.csv
2025-03-27 17:39:01.954 | INFO     | __main__:read_raw_data:61 - Reading data from C:\Projects\smart-store-freddy\data\raw\products_data.csv
2025-03-27 17:39:02.005 | INFO     | __main__:read_raw_data:63 - Loaded dataframe with 8 rows and 6 columns
2025-03-27 17:39:02.006 | INFO     | __main__:main:242 - Initial dataframe columns: ProductID, ProductName, Category, UnitPrice, StockQuantity, Supplier
2025-03-27 17:39:02.007 | INFO     | __main__:main:243 - Initial dataframe shape: (8, 6)
2025-03-27 17:39:02.011 | INFO     | __main__:main:252 - Cleaned column names: ProductID -> productid, ProductName -> productname, Category -> category, UnitPrice -> unitprice, StockQuantity -> stockquantity, Supplier -> supplier
2025-03-27 17:39:02.011 | INFO     | __main__:remove_duplicates:96 - FUNCTION START: remove_duplicates with dataframe shape=(8, 6)
2025-03-27 17:39:02.014 | INFO     | __main__:remove_duplicates:106 - Removed 0 duplicate rows
2025-03-27 17:39:02.015 | INFO     | __main__:remove_duplicates:107 - 8 records remaining after removing duplicates.
2025-03-27 17:39:02.016 | INFO     | __main__:handle_missing_values:121 - FUNCTION START: handle_missing_values with dataframe shape=(8, 6)
2025-03-27 17:39:02.017 | INFO     | __main__:handle_missing_values:126 - Missing values by column before handling:
productid        0
productname      0
category         0
unitprice        0
stockquantity    1
supplier         2
dtype: int64
2025-03-27 17:39:02.020 | INFO     | __main__:handle_missing_values:140 - Missing values by column after handling:
productid        0
productname      0
category         0
unitprice        0
stockquantity    1
supplier         2
dtype: int64
2025-03-27 17:39:02.020 | INFO     | __main__:handle_missing_values:141 - 8 records remaining after handling missing values.
2025-03-27 17:39:02.021 | INFO     | __main__:standardize_formats:188 - FUNCTION START: standardize_formats with dataframe shape=(8, 6)
2025-03-27 17:39:02.022 | INFO     | __main__:standardize_formats:198 - Completed standardizing formats
2025-03-27 17:39:02.023 | INFO     | __main__:remove_outliers:155 - FUNCTION START: remove_outliers with dataframe shape=(8, 6)
2025-03-27 17:39:02.024 | INFO     | __main__:remove_outliers:174 - Removed 0 outlier rows
2025-03-27 17:39:02.025 | INFO     | __main__:remove_outliers:175 - 8 records remaining after removing outliers.
2025-03-27 17:39:02.026 | INFO     | __main__:validate_data:211 - FUNCTION START: validate_data with dataframe shape=(8, 6)
2025-03-27 17:39:02.026 | INFO     | __main__:validate_data:220 - Data validation complete
2025-03-27 17:39:02.027 | INFO     | __main__:save_prepared_data:81 - FUNCTION START: save_prepared_data with file_name=products_data_prepared.csv, dataframe shape=(8, 6)
2025-03-27 17:39:02.033 | INFO     | __main__:save_prepared_data:84 - Data saved to C:\Projects\smart-store-freddy\data\prepared\products_data_prepared.csv
2025-03-27 17:39:02.034 | INFO     | __main__:main:264 - ==================================
2025-03-27 17:39:02.035 | INFO     | __main__:main:265 - FINISHED prepare_products_data.py
2025-03-27 17:39:02.035 | INFO     | __main__:main:266 - ==================================
2025-03-27 17:40:18.323 | INFO     | utils.logger:<module>:36 - Logging to file: logs\project_log.log
2025-03-27 17:40:18.324 | INFO     | __main__:main:162 - ==================================
2025-03-27 17:40:18.325 | INFO     | __main__:main:163 - STARTING prepare_customers_data.py
2025-03-27 17:40:18.325 | INFO     | __main__:main:164 - ==================================
2025-03-27 17:40:18.326 | INFO     | __main__:main:166 - Root project folder: C:\Projects\smart-store-freddy
2025-03-27 17:40:18.326 | INFO     | __main__:main:167 - data / raw folder: C:\Projects\smart-store-freddy\data\raw
2025-03-27 17:40:18.327 | INFO     | __main__:main:168 - data / prepared folder: C:\Projects\smart-store-freddy\data\prepared
2025-03-27 17:40:18.327 | INFO     | __main__:main:169 - scripts folder: C:\Projects\smart-store-freddy\scripts
2025-03-27 17:40:18.327 | INFO     | __main__:read_raw_data:66 - FUNCTION START: read_raw_data with file_name=customers_data.csv
2025-03-27 17:40:18.328 | INFO     | __main__:read_raw_data:68 - Reading data from C:\Projects\smart-store-freddy\data\raw\customers_data.csv
2025-03-27 17:40:27.269 | INFO     | utils.logger:<module>:36 - Logging to file: logs\project_log.log
2025-03-27 17:40:27.269 | INFO     | __main__:main:162 - ==================================
2025-03-27 17:40:27.270 | INFO     | __main__:main:163 - STARTING prepare_customers_data.py
2025-03-27 17:40:27.270 | INFO     | __main__:main:164 - ==================================
2025-03-27 17:40:27.271 | INFO     | __main__:main:166 - Root project folder: C:\Projects\smart-store-freddy
2025-03-27 17:40:27.271 | INFO     | __main__:main:167 - data / raw folder: C:\Projects\smart-store-freddy\data\raw
2025-03-27 17:40:27.272 | INFO     | __main__:main:168 - data / prepared folder: C:\Projects\smart-store-freddy\data\prepared
2025-03-27 17:40:27.273 | INFO     | __main__:main:169 - scripts folder: C:\Projects\smart-store-freddy\scripts
2025-03-27 17:40:27.273 | INFO     | __main__:read_raw_data:66 - FUNCTION START: read_raw_data with file_name=customers_data.csv
2025-03-27 17:40:27.274 | INFO     | __main__:read_raw_data:68 - Reading data from C:\Projects\smart-store-freddy\data\raw\customers_data.csv
2025-03-27 17:41:01.673 | INFO     | utils.logger:<module>:36 - Logging to file: logs\project_log.log
2025-03-27 17:41:01.674 | INFO     | __main__:main:162 - ==================================
2025-03-27 17:41:01.674 | INFO     | __main__:main:163 - STARTING prepare_customers_data.py
2025-03-27 17:41:01.675 | INFO     | __main__:main:164 - ==================================
2025-03-27 17:41:01.676 | INFO     | __main__:main:166 - Root project folder: C:\Projects\smart-store-freddy
2025-03-27 17:41:01.677 | INFO     | __main__:main:167 - data / raw folder: C:\Projects\smart-store-freddy\data\raw
2025-03-27 17:41:01.678 | INFO     | __main__:main:168 - data / prepared folder: C:\Projects\smart-store-freddy\data\prepared
2025-03-27 17:41:01.679 | INFO     | __main__:main:169 - scripts folder: C:\Projects\smart-store-freddy\scripts
2025-03-27 17:41:01.680 | INFO     | __main__:read_raw_data:66 - FUNCTION START: read_raw_data with file_name=customers_data.csv
2025-03-27 17:41:01.681 | INFO     | __main__:read_raw_data:68 - Reading data from C:\Projects\smart-store-freddy\data\raw\customers_data.csv
2025-03-27 17:41:52.997 | INFO     | utils.logger:<module>:36 - Logging to file: logs\project_log.log
2025-03-27 17:41:52.997 | INFO     | __main__:main:162 - ==================================
2025-03-27 17:41:52.998 | INFO     | __main__:main:163 - STARTING prepare_customers_data.py
2025-03-27 17:41:52.998 | INFO     | __main__:main:164 - ==================================
2025-03-27 17:41:52.998 | INFO     | __main__:main:166 - Root project folder: C:\Projects\smart-store-freddy
2025-03-27 17:41:52.999 | INFO     | __main__:main:167 - data / raw folder: C:\Projects\smart-store-freddy\data\raw
2025-03-27 17:41:52.999 | INFO     | __main__:main:168 - data / prepared folder: C:\Projects\smart-store-freddy\data\prepared
2025-03-27 17:41:52.999 | INFO     | __main__:main:169 - scripts folder: C:\Projects\smart-store-freddy\scripts
2025-03-27 17:41:53.000 | INFO     | __main__:read_raw_data:66 - FUNCTION START: read_raw_data with file_name=customers_data.csv
2025-03-27 17:41:53.000 | INFO     | __main__:read_raw_data:68 - Reading data from C:\Projects\smart-store-freddy\data\raw\customers_data.csv
2025-03-27 17:42:42.682 | INFO     | utils.logger:<module>:36 - Logging to file: logs\project_log.log
2025-03-27 17:42:42.683 | INFO     | __main__:main:162 - ==================================
2025-03-27 17:42:42.683 | INFO     | __main__:main:163 - STARTING prepare_customers_data.py
2025-03-27 17:42:42.683 | INFO     | __main__:main:164 - ==================================
2025-03-27 17:42:42.684 | INFO     | __main__:main:166 - Root project folder: C:\Projects\smart-store-freddy
2025-03-27 17:42:42.685 | INFO     | __main__:main:167 - data / raw folder: C:\Projects\smart-store-freddy\data\raw
2025-03-27 17:42:42.685 | INFO     | __main__:main:168 - data / prepared folder: C:\Projects\smart-store-freddy\data\prepared
2025-03-27 17:42:42.685 | INFO     | __main__:main:169 - scripts folder: C:\Projects\smart-store-freddy\scripts
2025-03-27 17:42:42.686 | INFO     | __main__:read_raw_data:66 - FUNCTION START: read_raw_data with file_name=customers_data.csv
2025-03-27 17:42:42.686 | INFO     | __main__:read_raw_data:68 - Reading data from C:\Projects\smart-store-freddy\data\raw\customers_data.csv
2025-03-27 17:44:26.376 | INFO     | utils.logger:<module>:36 - Logging to file: logs\project_log.log
2025-03-27 17:44:26.376 | INFO     | __main__:main:162 - ==================================
2025-03-27 17:44:26.377 | INFO     | __main__:main:163 - STARTING prepare_customers_data.py
2025-03-27 17:44:26.377 | INFO     | __main__:main:164 - ==================================
2025-03-27 17:44:26.378 | INFO     | __main__:main:166 - Root project folder: C:\Projects\smart-store-freddy
2025-03-27 17:44:26.378 | INFO     | __main__:main:167 - data / raw folder: C:\Projects\smart-store-freddy\data\raw
2025-03-27 17:44:26.379 | INFO     | __main__:main:168 - data / prepared folder: C:\Projects\smart-store-freddy\data\prepared
2025-03-27 17:44:26.380 | INFO     | __main__:main:169 - scripts folder: C:\Projects\smart-store-freddy\scripts
2025-03-27 17:44:26.381 | INFO     | __main__:read_raw_data:66 - FUNCTION START: read_raw_data with file_name=customers_data.csv
2025-03-27 17:44:26.382 | INFO     | __main__:read_raw_data:68 - Reading data from C:\Projects\smart-store-freddy\data\raw\customers_data.csv
2025-03-27 17:44:55.208 | INFO     | utils.logger:<module>:36 - Logging to file: logs\project_log.log
2025-03-27 17:44:55.208 | INFO     | __main__:main:162 - ==================================
2025-03-27 17:44:55.209 | INFO     | __main__:main:163 - STARTING prepare_customers_data.py
2025-03-27 17:44:55.209 | INFO     | __main__:main:164 - ==================================
2025-03-27 17:44:55.210 | INFO     | __main__:main:166 - Root project folder: C:\Projects\smart-store-freddy
2025-03-27 17:44:55.210 | INFO     | __main__:main:167 - data / raw folder: C:\Projects\smart-store-freddy\data\raw
2025-03-27 17:44:55.210 | INFO     | __main__:main:168 - data / prepared folder: C:\Projects\smart-store-freddy\data\prepared
2025-03-27 17:44:55.211 | INFO     | __main__:main:169 - scripts folder: C:\Projects\smart-store-freddy\scripts
2025-03-27 17:44:55.211 | INFO     | __main__:read_raw_data:66 - FUNCTION START: read_raw_data with file_name=customers_data.csv
2025-03-27 17:44:55.212 | INFO     | __main__:read_raw_data:68 - Reading data from C:\Projects\smart-store-freddy\data\raw\customers_data.csv
2025-03-27 17:44:55.217 | INFO     | __main__:read_raw_data:70 - Loaded dataframe with 11 rows and 6 columns
2025-03-27 17:44:55.217 | INFO     | __main__:main:178 - Initial dataframe columns: CustomerID, Name, Region, JoinDate, LoyaltyPoints, PreferredContactMethod
2025-03-27 17:44:55.218 | INFO     | __main__:main:179 - Initial dataframe shape: (11, 6)
2025-03-27 17:44:55.219 | INFO     | __main__:remove_duplicates:98 - FUNCTION START: remove_duplicates with dataframe shape=(11, 6)
2025-03-27 17:44:55.221 | INFO     | __main__:remove_duplicates:102 - Removed 0 duplicate rows
2025-03-27 17:44:55.222 | INFO     | __main__:remove_duplicates:103 - 11 records remaining after removing duplicates.
2025-03-27 17:44:55.222 | INFO     | __main__:handle_missing_values:117 - FUNCTION START: handle_missing_values with dataframe shape=(11, 6)
2025-03-27 17:44:55.225 | INFO     | __main__:handle_missing_values:121 - Total missing values before handling: 4
2025-03-27 17:44:55.227 | INFO     | __main__:handle_missing_values:130 - Total missing values after handling: 4
2025-03-27 17:44:55.227 | INFO     | __main__:handle_missing_values:131 - 11 records remaining after handling missing values.
2025-03-27 17:44:55.228 | INFO     | __main__:remove_outliers:145 - FUNCTION START: remove_outliers with dataframe shape=(11, 6)
2025-03-27 17:44:55.228 | INFO     | __main__:remove_outliers:153 - Removed 0 outlier rows
2025-03-27 17:44:55.228 | INFO     | __main__:remove_outliers:154 - 11 records remaining after removing outliers.
2025-03-27 17:44:55.229 | INFO     | __main__:save_prepared_data:81 - FUNCTION START: save_prepared_data with file_name=customers_data_prepared.csv, dataframe shape=(11, 6)
2025-03-27 17:44:55.234 | INFO     | __main__:save_prepared_data:84 - Data saved to C:\Projects\smart-store-freddy\data\prepared\customers_data_prepared.csv
2025-03-27 17:44:55.236 | INFO     | __main__:main:202 - ==================================
2025-03-27 17:44:55.236 | INFO     | __main__:main:203 - FINISHED prepare_customers_data.py
2025-03-27 17:44:55.237 | INFO     | __main__:main:204 - ==================================
2025-03-27 17:55:08.072 | INFO     | utils.logger:<module>:36 - Logging to file: logs\project_log.log
2025-03-27 17:55:08.072 | INFO     | __main__:main:162 - ==================================
2025-03-27 17:55:08.072 | INFO     | __main__:main:163 - STARTING prepare_customers_data.py
2025-03-27 17:55:08.073 | INFO     | __main__:main:164 - ==================================
2025-03-27 17:55:08.073 | INFO     | __main__:main:166 - Root project folder: C:\Projects\smart-store-freddy
2025-03-27 17:55:08.073 | INFO     | __main__:main:167 - data / raw folder: C:\Projects\smart-store-freddy\data\raw
2025-03-27 17:55:08.073 | INFO     | __main__:main:168 - data / prepared folder: C:\Projects\smart-store-freddy\data\prepared
2025-03-27 17:55:08.074 | INFO     | __main__:main:169 - scripts folder: C:\Projects\smart-store-freddy\scripts
2025-03-27 17:55:08.074 | INFO     | __main__:read_raw_data:66 - FUNCTION START: read_raw_data with file_name=customers_data.csv
2025-03-27 17:55:08.074 | INFO     | __main__:read_raw_data:68 - Reading data from C:\Projects\smart-store-freddy\data\raw\customers_data.csv
2025-03-27 17:55:08.118 | INFO     | __main__:read_raw_data:70 - Loaded dataframe with 11 rows and 6 columns
2025-03-27 17:55:08.123 | INFO     | __main__:main:178 - Initial dataframe columns: CustomerID, Name, Region, JoinDate, LoyaltyPoints, PreferredContactMethod
2025-03-27 17:55:08.124 | INFO     | __main__:main:179 - Initial dataframe shape: (11, 6)
2025-03-27 17:55:08.126 | INFO     | __main__:remove_duplicates:98 - FUNCTION START: remove_duplicates with dataframe shape=(11, 6)
2025-03-27 17:55:08.128 | INFO     | __main__:remove_duplicates:102 - Removed 0 duplicate rows
2025-03-27 17:55:08.128 | INFO     | __main__:remove_duplicates:103 - 11 records remaining after removing duplicates.
2025-03-27 17:55:08.129 | INFO     | __main__:handle_missing_values:117 - FUNCTION START: handle_missing_values with dataframe shape=(11, 6)
2025-03-27 17:55:08.131 | INFO     | __main__:handle_missing_values:121 - Total missing values before handling: 3
2025-03-27 17:55:08.133 | INFO     | __main__:handle_missing_values:130 - Total missing values after handling: 3
2025-03-27 17:55:08.134 | INFO     | __main__:handle_missing_values:131 - 11 records remaining after handling missing values.
2025-03-27 17:55:08.135 | INFO     | __main__:remove_outliers:145 - FUNCTION START: remove_outliers with dataframe shape=(11, 6)
2025-03-27 17:55:08.136 | INFO     | __main__:remove_outliers:153 - Removed 0 outlier rows
2025-03-27 17:55:08.136 | INFO     | __main__:remove_outliers:154 - 11 records remaining after removing outliers.
2025-03-27 17:55:08.137 | INFO     | __main__:save_prepared_data:81 - FUNCTION START: save_prepared_data with file_name=customers_data_prepared.csv, dataframe shape=(11, 6)
2025-03-27 17:55:08.142 | INFO     | __main__:save_prepared_data:84 - Data saved to C:\Projects\smart-store-freddy\data\prepared\customers_data_prepared.csv
2025-03-27 17:55:08.144 | INFO     | __main__:main:202 - ==================================
2025-03-27 17:55:08.144 | INFO     | __main__:main:203 - FINISHED prepare_customers_data.py
2025-03-27 17:55:08.146 | INFO     | __main__:main:204 - ==================================
2025-03-27 17:59:28.437 | INFO     | utils.logger:<module>:36 - Logging to file: logs\project_log.log
2025-03-27 17:59:28.438 | INFO     | __main__:main:227 - ==================================
2025-03-27 17:59:28.438 | INFO     | __main__:main:228 - STARTING prepare_products_data.py
2025-03-27 17:59:28.439 | INFO     | __main__:main:229 - ==================================
2025-03-27 17:59:28.440 | INFO     | __main__:main:231 - Root project folder: C:\Projects\smart-store-freddy
2025-03-27 17:59:28.441 | INFO     | __main__:main:232 - data / raw folder: C:\Projects\smart-store-freddy\data\raw
2025-03-27 17:59:28.441 | INFO     | __main__:main:233 - data / prepared folder: C:\Projects\smart-store-freddy\data\prepared
2025-03-27 17:59:28.442 | INFO     | __main__:read_raw_data:59 - FUNCTION START: read_raw_data with file_name=products_data.csv
2025-03-27 17:59:28.442 | INFO     | __main__:read_raw_data:61 - Reading data from C:\Projects\smart-store-freddy\data\raw\products_data.csv
2025-03-27 17:59:28.489 | INFO     | __main__:read_raw_data:63 - Loaded dataframe with 8 rows and 6 columns
2025-03-27 17:59:28.490 | INFO     | __main__:main:242 - Initial dataframe columns: ProductID, ProductName, Category, UnitPrice, StockQuantity, Supplier
2025-03-27 17:59:28.491 | INFO     | __main__:main:243 - Initial dataframe shape: (8, 6)
2025-03-27 17:59:28.493 | INFO     | __main__:main:252 - Cleaned column names: ProductID -> productid, ProductName -> productname, Category -> category, UnitPrice -> unitprice, StockQuantity -> stockquantity, Supplier -> supplier
2025-03-27 17:59:28.494 | INFO     | __main__:remove_duplicates:96 - FUNCTION START: remove_duplicates with dataframe shape=(8, 6)
2025-03-27 17:59:28.497 | INFO     | __main__:remove_duplicates:106 - Removed 0 duplicate rows
2025-03-27 17:59:28.498 | INFO     | __main__:remove_duplicates:107 - 8 records remaining after removing duplicates.
2025-03-27 17:59:28.499 | INFO     | __main__:handle_missing_values:121 - FUNCTION START: handle_missing_values with dataframe shape=(8, 6)
2025-03-27 17:59:28.503 | INFO     | __main__:handle_missing_values:126 - Missing values by column before handling:
productid        0
productname      0
category         0
unitprice        0
stockquantity    1
supplier         2
dtype: int64
2025-03-27 17:59:28.507 | INFO     | __main__:handle_missing_values:140 - Missing values by column after handling:
productid        0
productname      0
category         0
unitprice        0
stockquantity    1
supplier         2
dtype: int64
2025-03-27 17:59:28.508 | INFO     | __main__:handle_missing_values:141 - 8 records remaining after handling missing values.
2025-03-27 17:59:28.509 | INFO     | __main__:standardize_formats:188 - FUNCTION START: standardize_formats with dataframe shape=(8, 6)
2025-03-27 17:59:28.511 | INFO     | __main__:standardize_formats:198 - Completed standardizing formats
2025-03-27 17:59:28.511 | INFO     | __main__:remove_outliers:155 - FUNCTION START: remove_outliers with dataframe shape=(8, 6)
2025-03-27 17:59:28.512 | INFO     | __main__:remove_outliers:174 - Removed 0 outlier rows
2025-03-27 17:59:28.512 | INFO     | __main__:remove_outliers:175 - 8 records remaining after removing outliers.
2025-03-27 17:59:28.513 | INFO     | __main__:validate_data:211 - FUNCTION START: validate_data with dataframe shape=(8, 6)
2025-03-27 17:59:28.514 | INFO     | __main__:validate_data:220 - Data validation complete
2025-03-27 17:59:28.515 | INFO     | __main__:save_prepared_data:81 - FUNCTION START: save_prepared_data with file_name=products_data_prepared.csv, dataframe shape=(8, 6)
2025-03-27 17:59:28.521 | INFO     | __main__:save_prepared_data:84 - Data saved to C:\Projects\smart-store-freddy\data\prepared\products_data_prepared.csv
2025-03-27 17:59:28.522 | INFO     | __main__:main:264 - ==================================
2025-03-27 17:59:28.522 | INFO     | __main__:main:265 - FINISHED prepare_products_data.py
2025-03-27 17:59:28.523 | INFO     | __main__:main:266 - ==================================
2025-03-28 09:11:37.564 | INFO     | utils.logger:<module>:36 - Logging to file: logs\project_log.log
2025-03-28 09:11:37.564 | INFO     | __main__:main:162 - ==================================
2025-03-28 09:11:37.565 | INFO     | __main__:main:163 - STARTING prepare_customers_data.py
2025-03-28 09:11:37.565 | INFO     | __main__:main:164 - ==================================
2025-03-28 09:11:37.565 | INFO     | __main__:main:166 - Root project folder: C:\Projects\smart-store-freddy
2025-03-28 09:11:37.566 | INFO     | __main__:main:167 - data / raw folder: C:\Projects\smart-store-freddy\data\raw
2025-03-28 09:11:37.566 | INFO     | __main__:main:168 - data / prepared folder: C:\Projects\smart-store-freddy\data\prepared
2025-03-28 09:11:37.567 | INFO     | __main__:main:169 - scripts folder: C:\Projects\smart-store-freddy\scripts
2025-03-28 09:11:37.568 | INFO     | __main__:read_raw_data:66 - FUNCTION START: read_raw_data with file_name=customers_data.csv
2025-03-28 09:11:37.568 | INFO     | __main__:read_raw_data:68 - Reading data from C:\Projects\smart-store-freddy\data\raw\customers_data.csv
2025-03-28 09:11:37.582 | INFO     | __main__:read_raw_data:70 - Loaded dataframe with 11 rows and 6 columns
2025-03-28 09:11:37.583 | INFO     | __main__:main:178 - Initial dataframe columns: CustomerID, Name, Region, JoinDate, LoyaltyPoints, PreferredContactMethod
2025-03-28 09:11:37.583 | INFO     | __main__:main:179 - Initial dataframe shape: (11, 6)
2025-03-28 09:11:37.586 | INFO     | __main__:remove_duplicates:98 - FUNCTION START: remove_duplicates with dataframe shape=(11, 6)
2025-03-28 09:11:37.599 | INFO     | __main__:remove_duplicates:102 - Removed 0 duplicate rows
2025-03-28 09:11:37.600 | INFO     | __main__:remove_duplicates:103 - 11 records remaining after removing duplicates.
2025-03-28 09:11:37.601 | INFO     | __main__:handle_missing_values:117 - FUNCTION START: handle_missing_values with dataframe shape=(11, 6)
2025-03-28 09:11:37.605 | INFO     | __main__:handle_missing_values:121 - Total missing values before handling: 3
2025-03-28 09:11:37.607 | INFO     | __main__:handle_missing_values:130 - Total missing values after handling: 3
2025-03-28 09:11:37.608 | INFO     | __main__:handle_missing_values:131 - 11 records remaining after handling missing values.
2025-03-28 09:11:37.612 | INFO     | __main__:remove_outliers:145 - FUNCTION START: remove_outliers with dataframe shape=(11, 6)
2025-03-28 09:11:37.613 | INFO     | __main__:remove_outliers:153 - Removed 0 outlier rows
2025-03-28 09:11:37.614 | INFO     | __main__:remove_outliers:154 - 11 records remaining after removing outliers.
2025-03-28 09:11:37.615 | INFO     | __main__:save_prepared_data:81 - FUNCTION START: save_prepared_data with file_name=customers_data_prepared.csv, dataframe shape=(11, 6)
2025-03-28 09:11:37.620 | INFO     | __main__:save_prepared_data:84 - Data saved to C:\Projects\smart-store-freddy\data\prepared\customers_data_prepared.csv
2025-03-28 09:11:37.620 | INFO     | __main__:main:202 - ==================================
2025-03-28 09:11:37.621 | INFO     | __main__:main:203 - FINISHED prepare_customers_data.py
2025-03-28 09:11:37.622 | INFO     | __main__:main:204 - ==================================
2025-03-28 09:13:11.079 | INFO     | utils.logger:<module>:36 - Logging to file: logs\project_log.log
2025-03-28 09:13:11.080 | INFO     | __main__:main:227 - ==================================
2025-03-28 09:13:11.080 | INFO     | __main__:main:228 - STARTING prepare_products_data.py
2025-03-28 09:13:11.081 | INFO     | __main__:main:229 - ==================================
2025-03-28 09:13:11.081 | INFO     | __main__:main:231 - Root project folder: C:\Projects\smart-store-freddy
2025-03-28 09:13:11.081 | INFO     | __main__:main:232 - data / raw folder: C:\Projects\smart-store-freddy\data\raw
2025-03-28 09:13:11.082 | INFO     | __main__:main:233 - data / prepared folder: C:\Projects\smart-store-freddy\data\prepared
2025-03-28 09:13:11.082 | INFO     | __main__:read_raw_data:59 - FUNCTION START: read_raw_data with file_name=products_data.csv
2025-03-28 09:13:11.083 | INFO     | __main__:read_raw_data:61 - Reading data from C:\Projects\smart-store-freddy\data\raw\products_data.csv
2025-03-28 09:13:11.090 | INFO     | __main__:read_raw_data:63 - Loaded dataframe with 8 rows and 6 columns
2025-03-28 09:13:11.091 | INFO     | __main__:main:242 - Initial dataframe columns: ProductID, ProductName, Category, UnitPrice, StockQuantity, Supplier
2025-03-28 09:13:11.091 | INFO     | __main__:main:243 - Initial dataframe shape: (8, 6)
2025-03-28 09:13:11.094 | INFO     | __main__:main:252 - Cleaned column names: ProductID -> productid, ProductName -> productname, Category -> category, UnitPrice -> unitprice, StockQuantity -> stockquantity, Supplier -> supplier
2025-03-28 09:13:11.095 | INFO     | __main__:remove_duplicates:96 - FUNCTION START: remove_duplicates with dataframe shape=(8, 6)
2025-03-28 09:13:11.101 | INFO     | __main__:remove_duplicates:106 - Removed 0 duplicate rows
2025-03-28 09:13:11.102 | INFO     | __main__:remove_duplicates:107 - 8 records remaining after removing duplicates.
2025-03-28 09:13:11.103 | INFO     | __main__:handle_missing_values:121 - FUNCTION START: handle_missing_values with dataframe shape=(8, 6)
2025-03-28 09:13:11.105 | INFO     | __main__:handle_missing_values:126 - Missing values by column before handling:
productid        0
productname      0
category         0
unitprice        0
stockquantity    1
supplier         2
dtype: int64
2025-03-28 09:13:11.107 | INFO     | __main__:handle_missing_values:140 - Missing values by column after handling:
productid        0
productname      0
category         0
unitprice        0
stockquantity    1
supplier         2
dtype: int64
2025-03-28 09:13:11.108 | INFO     | __main__:handle_missing_values:141 - 8 records remaining after handling missing values.
2025-03-28 09:13:11.109 | INFO     | __main__:standardize_formats:188 - FUNCTION START: standardize_formats with dataframe shape=(8, 6)
2025-03-28 09:13:11.109 | INFO     | __main__:standardize_formats:198 - Completed standardizing formats
2025-03-28 09:13:11.110 | INFO     | __main__:remove_outliers:155 - FUNCTION START: remove_outliers with dataframe shape=(8, 6)
2025-03-28 09:13:11.111 | INFO     | __main__:remove_outliers:174 - Removed 0 outlier rows
2025-03-28 09:13:11.111 | INFO     | __main__:remove_outliers:175 - 8 records remaining after removing outliers.
2025-03-28 09:13:11.112 | INFO     | __main__:validate_data:211 - FUNCTION START: validate_data with dataframe shape=(8, 6)
2025-03-28 09:13:11.113 | INFO     | __main__:validate_data:220 - Data validation complete
2025-03-28 09:13:11.114 | INFO     | __main__:save_prepared_data:81 - FUNCTION START: save_prepared_data with file_name=products_data_prepared.csv, dataframe shape=(8, 6)
2025-03-28 09:13:11.121 | INFO     | __main__:save_prepared_data:84 - Data saved to C:\Projects\smart-store-freddy\data\prepared\products_data_prepared.csv
2025-03-28 09:13:11.121 | INFO     | __main__:main:264 - ==================================
2025-03-28 09:13:11.122 | INFO     | __main__:main:265 - FINISHED prepare_products_data.py
2025-03-28 09:13:11.123 | INFO     | __main__:main:266 - ==================================
2025-03-28 09:14:13.163 | INFO     | utils.logger:<module>:36 - Logging to file: logs\project_log.log
2025-03-28 09:14:13.164 | INFO     | __main__:main:262 - ==================================
2025-03-28 09:14:13.164 | INFO     | __main__:main:263 - STARTING prepare_sales_data.py
2025-03-28 09:14:13.165 | INFO     | __main__:main:264 - ==================================
2025-03-28 09:14:13.165 | INFO     | __main__:read_raw_data:59 - FUNCTION START: read_raw_data with file_name=sales_data.csv
2025-03-28 09:14:13.165 | INFO     | __main__:read_raw_data:61 - Reading data from C:\Projects\smart-store-freddy\data\raw\sales_data.csv
2025-03-28 09:14:13.182 | INFO     | __main__:read_raw_data:63 - Loaded dataframe with 94 rows and 9 columns
2025-03-28 09:14:13.185 | INFO     | __main__:read_raw_data:71 - Column datatypes: 
TransactionID      int64
SaleDate          object
CustomerID         int64
ProductID          int64
StoreID            int64
CampaignID         int64
SaleAmount       float64
BonusPoints      float64
State             object
dtype: object
2025-03-28 09:14:13.188 | INFO     | __main__:read_raw_data:72 - Number of unique values: 
TransactionID    94
SaleDate         44
CustomerID       11
ProductID         8
StoreID           6
CampaignID        4
SaleAmount       59
BonusPoints      59
State            16
dtype: int64
2025-03-28 09:14:13.189 | INFO     | __main__:main:276 - Initial dataframe columns: TransactionID, SaleDate, CustomerID, ProductID, StoreID, CampaignID, SaleAmount, BonusPoints, State
2025-03-28 09:14:13.189 | INFO     | __main__:main:277 - Initial dataframe shape: (94, 9)
2025-03-28 09:14:13.190 | INFO     | __main__:remove_duplicates:99 - FUNCTION START: remove_duplicates with dataframe shape=(94, 9)
2025-03-28 09:14:13.191 | INFO     | __main__:remove_duplicates:115 - Removed 0 duplicate rows
2025-03-28 09:14:13.192 | INFO     | __main__:remove_duplicates:116 - 94 records remaining after removing duplicates.
2025-03-28 09:14:13.193 | INFO     | __main__:handle_missing_values:130 - FUNCTION START: handle_missing_values with dataframe shape=(94, 9)
2025-03-28 09:14:13.196 | INFO     | __main__:handle_missing_values:135 - Missing values by column before handling:
TransactionID    0
SaleDate         0
CustomerID       0
ProductID        0
StoreID          0
CampaignID       0
SaleAmount       0
BonusPoints      0
State            3
dtype: int64
2025-03-28 09:14:13.201 | INFO     | __main__:handle_missing_values:152 - Missing values by column after handling:
TransactionID    0
SaleDate         0
CustomerID       0
ProductID        0
StoreID          0
CampaignID       0
SaleAmount       0
BonusPoints      0
State            0
dtype: int64
2025-03-28 09:14:13.202 | INFO     | __main__:handle_missing_values:153 - 94 records remaining after handling missing values.
2025-03-28 09:14:13.202 | INFO     | __main__:standardize_formats:212 - FUNCTION START: standardize_formats with dataframe shape=(94, 9)
2025-03-28 09:14:13.203 | INFO     | __main__:standardize_formats:222 - Completed standardizing formats
2025-03-28 09:14:13.203 | INFO     | __main__:remove_outliers:167 - FUNCTION START: remove_outliers with dataframe shape=(94, 9)
2025-03-28 09:14:13.217 | INFO     | __main__:remove_outliers:198 - Removed 51 outlier rows
2025-03-28 09:14:13.218 | INFO     | __main__:remove_outliers:199 - 43 records remaining after removing outliers.
2025-03-28 09:14:13.219 | INFO     | __main__:validate_data:235 - FUNCTION START: validate_data with dataframe shape=(43, 9)
2025-03-28 09:14:13.222 | INFO     | __main__:validate_data:249 - Found 0 sales with negative bonus points
2025-03-28 09:14:13.224 | INFO     | __main__:validate_data:255 - Data validation complete
2025-03-28 09:14:13.225 | INFO     | __main__:save_prepared_data:84 - FUNCTION START: save_prepared_data with file_name=sales_data_prepared.csv, dataframe shape=(43, 9)
2025-03-28 09:14:13.236 | INFO     | __main__:save_prepared_data:87 - Data saved to C:\Projects\smart-store-freddy\data\prepared\sales_data_prepared.csv
2025-03-28 09:14:13.237 | INFO     | __main__:main:298 - ==================================
2025-03-28 09:14:13.238 | INFO     | __main__:main:299 - FINISHED prepare_sales_data.py
2025-03-28 09:14:13.239 | INFO     | __main__:main:300 - ==================================
2025-03-28 10:37:30.680 | INFO     | utils.logger:<module>:36 - Logging to file: logs\project_log.log
2025-03-28 10:37:30.681 | INFO     | __main__:main:59 - ======================
2025-03-28 10:37:30.682 | INFO     | __main__:main:60 - STARTING data_prep.py
2025-03-28 10:37:30.682 | INFO     | __main__:main:61 - ======================
2025-03-28 10:37:30.682 | INFO     | __main__:main:63 - ========================
2025-03-28 10:37:30.682 | INFO     | __main__:main:64 - Starting CUSTOMERS prep
2025-03-28 10:37:30.682 | INFO     | __main__:main:65 - ========================
2025-03-28 10:37:30.708 | INFO     | __main__:save_prepared_data:55 - Data saved to C:\Projects\smart-store-freddy\data\prepared\customers_data_prepared.csv
2025-03-28 10:37:30.709 | INFO     | __main__:main:85 - ========================
2025-03-28 10:37:30.709 | INFO     | __main__:main:86 - Starting PRODUCTS prep
2025-03-28 10:37:30.710 | INFO     | __main__:main:87 - ========================
2025-03-28 10:38:55.561 | INFO     | utils.logger:<module>:36 - Logging to file: logs\project_log.log
2025-03-28 10:39:31.387 | INFO     | utils.logger:<module>:36 - Logging to file: logs\project_log.log
2025-03-28 10:39:31.389 | INFO     | __main__:main:59 - ======================
2025-03-28 10:39:31.389 | INFO     | __main__:main:60 - STARTING data_prep.py
2025-03-28 10:39:31.389 | INFO     | __main__:main:61 - ======================
2025-03-28 10:39:31.389 | INFO     | __main__:main:63 - ========================
2025-03-28 10:39:31.389 | INFO     | __main__:main:64 - Starting CUSTOMERS prep
2025-03-28 10:39:31.389 | INFO     | __main__:main:65 - ========================
2025-03-28 10:39:31.413 | INFO     | __main__:save_prepared_data:55 - Data saved to C:\Projects\smart-store-freddy\data\prepared\customers_data_prepared.csv
2025-03-28 10:39:31.414 | INFO     | __main__:main:85 - ========================
2025-03-28 10:39:31.415 | INFO     | __main__:main:86 - Starting PRODUCTS prep
2025-03-28 10:39:31.416 | INFO     | __main__:main:87 - ========================
2025-03-28 10:42:11.449 | INFO     | utils.logger:<module>:36 - Logging to file: logs\project_log.log
2025-03-28 10:42:11.451 | INFO     | __main__:main:59 - ======================
2025-03-28 10:42:11.451 | INFO     | __main__:main:60 - STARTING data_prep.py
2025-03-28 10:42:11.451 | INFO     | __main__:main:61 - ======================
2025-03-28 10:42:11.452 | INFO     | __main__:main:63 - ========================
2025-03-28 10:42:11.452 | INFO     | __main__:main:64 - Starting CUSTOMERS prep
2025-03-28 10:42:11.452 | INFO     | __main__:main:65 - ========================
2025-03-28 10:42:11.479 | INFO     | __main__:save_prepared_data:55 - Data saved to C:\Projects\smart-store-freddy\data\prepared\customers_data_prepared.csv
2025-03-28 10:42:11.481 | INFO     | __main__:main:85 - ========================
2025-03-28 10:42:11.483 | INFO     | __main__:main:86 - Starting PRODUCTS prep
2025-03-28 10:42:11.483 | INFO     | __main__:main:87 - ========================
2025-03-28 10:44:17.396 | INFO     | utils.logger:<module>:36 - Logging to file: logs\project_log.log
2025-03-28 10:44:17.396 | INFO     | __main__:main:227 - ==================================
2025-03-28 10:44:17.396 | INFO     | __main__:main:228 - STARTING prepare_products_data.py
2025-03-28 10:44:17.397 | INFO     | __main__:main:229 - ==================================
2025-03-28 10:44:17.397 | INFO     | __main__:main:231 - Root project folder: C:\Projects\smart-store-freddy
2025-03-28 10:44:17.397 | INFO     | __main__:main:232 - data / raw folder: C:\Projects\smart-store-freddy\data\raw
2025-03-28 10:44:17.397 | INFO     | __main__:main:233 - data / prepared folder: C:\Projects\smart-store-freddy\data\prepared
2025-03-28 10:44:17.398 | INFO     | __main__:read_raw_data:59 - FUNCTION START: read_raw_data with file_name=products_data.csv
2025-03-28 10:44:17.398 | INFO     | __main__:read_raw_data:61 - Reading data from C:\Projects\smart-store-freddy\data\raw\products_data.csv
2025-03-28 10:44:17.432 | INFO     | __main__:read_raw_data:63 - Loaded dataframe with 8 rows and 6 columns
2025-03-28 10:44:17.433 | INFO     | __main__:main:242 - Initial dataframe columns: ProductID, ProductName, Category, UnitPrice, StockQuantity, Supplier
2025-03-28 10:44:17.433 | INFO     | __main__:main:243 - Initial dataframe shape: (8, 6)
2025-03-28 10:44:17.434 | INFO     | __main__:main:252 - Cleaned column names: ProductID -> productid, ProductName -> productname, Category -> category, UnitPrice -> unitprice, StockQuantity -> stockquantity, Supplier -> supplier
2025-03-28 10:44:17.434 | INFO     | __main__:remove_duplicates:96 - FUNCTION START: remove_duplicates with dataframe shape=(8, 6)
2025-03-28 10:44:17.438 | INFO     | __main__:remove_duplicates:106 - Removed 0 duplicate rows
2025-03-28 10:44:17.439 | INFO     | __main__:remove_duplicates:107 - 8 records remaining after removing duplicates.
2025-03-28 10:44:17.439 | INFO     | __main__:handle_missing_values:121 - FUNCTION START: handle_missing_values with dataframe shape=(8, 6)
2025-03-28 10:44:17.443 | INFO     | __main__:handle_missing_values:126 - Missing values by column before handling:
productid        0
productname      0
category         0
unitprice        0
stockquantity    0
supplier         2
dtype: int64
2025-03-28 10:44:17.445 | INFO     | __main__:handle_missing_values:140 - Missing values by column after handling:
productid        0
productname      0
category         0
unitprice        0
stockquantity    0
supplier         2
dtype: int64
2025-03-28 10:44:17.445 | INFO     | __main__:handle_missing_values:141 - 8 records remaining after handling missing values.
2025-03-28 10:44:17.446 | INFO     | __main__:standardize_formats:188 - FUNCTION START: standardize_formats with dataframe shape=(8, 6)
2025-03-28 10:44:17.446 | INFO     | __main__:standardize_formats:198 - Completed standardizing formats
2025-03-28 10:44:17.447 | INFO     | __main__:remove_outliers:155 - FUNCTION START: remove_outliers with dataframe shape=(8, 6)
2025-03-28 10:44:17.447 | INFO     | __main__:remove_outliers:174 - Removed 0 outlier rows
2025-03-28 10:44:17.447 | INFO     | __main__:remove_outliers:175 - 8 records remaining after removing outliers.
2025-03-28 10:44:17.448 | INFO     | __main__:validate_data:211 - FUNCTION START: validate_data with dataframe shape=(8, 6)
2025-03-28 10:44:17.448 | INFO     | __main__:validate_data:220 - Data validation complete
2025-03-28 10:44:17.448 | INFO     | __main__:save_prepared_data:81 - FUNCTION START: save_prepared_data with file_name=products_data_prepared.csv, dataframe shape=(8, 6)
2025-03-28 10:44:17.451 | INFO     | __main__:save_prepared_data:84 - Data saved to C:\Projects\smart-store-freddy\data\prepared\products_data_prepared.csv
2025-03-28 10:44:17.452 | INFO     | __main__:main:264 - ==================================
2025-03-28 10:44:17.453 | INFO     | __main__:main:265 - FINISHED prepare_products_data.py
2025-03-28 10:44:17.456 | INFO     | __main__:main:266 - ==================================
2025-03-28 10:44:43.507 | INFO     | utils.logger:<module>:36 - Logging to file: logs\project_log.log
2025-03-28 10:44:43.508 | INFO     | __main__:main:227 - ==================================
2025-03-28 10:44:43.508 | INFO     | __main__:main:228 - STARTING prepare_products_data.py
2025-03-28 10:44:43.508 | INFO     | __main__:main:229 - ==================================
2025-03-28 10:44:43.509 | INFO     | __main__:main:231 - Root project folder: C:\Projects\smart-store-freddy
2025-03-28 10:44:43.509 | INFO     | __main__:main:232 - data / raw folder: C:\Projects\smart-store-freddy\data\raw
2025-03-28 10:44:43.509 | INFO     | __main__:main:233 - data / prepared folder: C:\Projects\smart-store-freddy\data\prepared
2025-03-28 10:44:43.509 | INFO     | __main__:read_raw_data:59 - FUNCTION START: read_raw_data with file_name=products_data.csv
2025-03-28 10:44:43.510 | INFO     | __main__:read_raw_data:61 - Reading data from C:\Projects\smart-store-freddy\data\raw\products_data.csv
2025-03-28 10:44:43.513 | INFO     | __main__:read_raw_data:63 - Loaded dataframe with 8 rows and 6 columns
2025-03-28 10:44:43.514 | INFO     | __main__:main:242 - Initial dataframe columns: ProductID, ProductName, Category, UnitPrice, StockQuantity, Supplier
2025-03-28 10:44:43.515 | INFO     | __main__:main:243 - Initial dataframe shape: (8, 6)
2025-03-28 10:44:43.516 | INFO     | __main__:main:252 - Cleaned column names: ProductID -> productid, ProductName -> productname, Category -> category, UnitPrice -> unitprice, StockQuantity -> stockquantity, Supplier -> supplier
2025-03-28 10:44:43.517 | INFO     | __main__:remove_duplicates:96 - FUNCTION START: remove_duplicates with dataframe shape=(8, 6)
2025-03-28 10:44:43.518 | INFO     | __main__:remove_duplicates:106 - Removed 0 duplicate rows
2025-03-28 10:44:43.518 | INFO     | __main__:remove_duplicates:107 - 8 records remaining after removing duplicates.
2025-03-28 10:44:43.519 | INFO     | __main__:handle_missing_values:121 - FUNCTION START: handle_missing_values with dataframe shape=(8, 6)
2025-03-28 10:44:43.520 | INFO     | __main__:handle_missing_values:126 - Missing values by column before handling:
productid        0
productname      0
category         0
unitprice        0
stockquantity    0
supplier         2
dtype: int64
2025-03-28 10:44:43.521 | INFO     | __main__:handle_missing_values:140 - Missing values by column after handling:
productid        0
productname      0
category         0
unitprice        0
stockquantity    0
supplier         2
dtype: int64
2025-03-28 10:44:43.521 | INFO     | __main__:handle_missing_values:141 - 8 records remaining after handling missing values.
2025-03-28 10:44:43.521 | INFO     | __main__:standardize_formats:188 - FUNCTION START: standardize_formats with dataframe shape=(8, 6)
2025-03-28 10:44:43.522 | INFO     | __main__:standardize_formats:198 - Completed standardizing formats
2025-03-28 10:44:43.522 | INFO     | __main__:remove_outliers:155 - FUNCTION START: remove_outliers with dataframe shape=(8, 6)
2025-03-28 10:44:43.523 | INFO     | __main__:remove_outliers:174 - Removed 0 outlier rows
2025-03-28 10:44:43.523 | INFO     | __main__:remove_outliers:175 - 8 records remaining after removing outliers.
2025-03-28 10:44:43.523 | INFO     | __main__:validate_data:211 - FUNCTION START: validate_data with dataframe shape=(8, 6)
2025-03-28 10:44:43.523 | INFO     | __main__:validate_data:220 - Data validation complete
2025-03-28 10:44:43.524 | INFO     | __main__:save_prepared_data:81 - FUNCTION START: save_prepared_data with file_name=products_data_prepared.csv, dataframe shape=(8, 6)
2025-03-28 10:44:43.526 | INFO     | __main__:save_prepared_data:84 - Data saved to C:\Projects\smart-store-freddy\data\prepared\products_data_prepared.csv
2025-03-28 10:44:43.526 | INFO     | __main__:main:264 - ==================================
2025-03-28 10:44:43.527 | INFO     | __main__:main:265 - FINISHED prepare_products_data.py
2025-03-28 10:44:43.527 | INFO     | __main__:main:266 - ==================================
2025-03-28 10:45:03.117 | INFO     | utils.logger:<module>:36 - Logging to file: logs\project_log.log
2025-03-28 10:45:03.117 | INFO     | __main__:main:227 - ==================================
2025-03-28 10:45:03.118 | INFO     | __main__:main:228 - STARTING prepare_products_data.py
2025-03-28 10:45:03.118 | INFO     | __main__:main:229 - ==================================
2025-03-28 10:45:03.118 | INFO     | __main__:main:231 - Root project folder: C:\Projects\smart-store-freddy
2025-03-28 10:45:03.118 | INFO     | __main__:main:232 - data / raw folder: C:\Projects\smart-store-freddy\data\raw
2025-03-28 10:45:03.119 | INFO     | __main__:main:233 - data / prepared folder: C:\Projects\smart-store-freddy\data\prepared
2025-03-28 10:45:03.119 | INFO     | __main__:read_raw_data:59 - FUNCTION START: read_raw_data with file_name=products_data.csv
2025-03-28 10:45:03.119 | INFO     | __main__:read_raw_data:61 - Reading data from C:\Projects\smart-store-freddy\data\raw\products_data.csv
2025-03-28 10:45:03.122 | INFO     | __main__:read_raw_data:63 - Loaded dataframe with 8 rows and 6 columns
2025-03-28 10:45:03.123 | INFO     | __main__:main:242 - Initial dataframe columns: ProductID, ProductName, Category, UnitPrice, StockQuantity, Supplier
2025-03-28 10:45:03.124 | INFO     | __main__:main:243 - Initial dataframe shape: (8, 6)
2025-03-28 10:45:03.125 | INFO     | __main__:main:252 - Cleaned column names: ProductID -> productid, ProductName -> productname, Category -> category, UnitPrice -> unitprice, StockQuantity -> stockquantity, Supplier -> supplier
2025-03-28 10:45:03.126 | INFO     | __main__:remove_duplicates:96 - FUNCTION START: remove_duplicates with dataframe shape=(8, 6)
2025-03-28 10:45:03.127 | INFO     | __main__:remove_duplicates:106 - Removed 0 duplicate rows
2025-03-28 10:45:03.127 | INFO     | __main__:remove_duplicates:107 - 8 records remaining after removing duplicates.
2025-03-28 10:45:03.128 | INFO     | __main__:handle_missing_values:121 - FUNCTION START: handle_missing_values with dataframe shape=(8, 6)
2025-03-28 10:45:03.132 | INFO     | __main__:handle_missing_values:126 - Missing values by column before handling:
productid        0
productname      0
category         0
unitprice        0
stockquantity    0
supplier         2
dtype: int64
2025-03-28 10:45:03.136 | INFO     | __main__:handle_missing_values:140 - Missing values by column after handling:
productid        0
productname      0
category         0
unitprice        0
stockquantity    0
supplier         2
dtype: int64
2025-03-28 10:45:03.136 | INFO     | __main__:handle_missing_values:141 - 8 records remaining after handling missing values.
2025-03-28 10:45:03.137 | INFO     | __main__:standardize_formats:188 - FUNCTION START: standardize_formats with dataframe shape=(8, 6)
2025-03-28 10:45:03.137 | INFO     | __main__:standardize_formats:198 - Completed standardizing formats
2025-03-28 10:45:03.138 | INFO     | __main__:remove_outliers:155 - FUNCTION START: remove_outliers with dataframe shape=(8, 6)
2025-03-28 10:45:03.138 | INFO     | __main__:remove_outliers:174 - Removed 0 outlier rows
2025-03-28 10:45:03.138 | INFO     | __main__:remove_outliers:175 - 8 records remaining after removing outliers.
2025-03-28 10:45:03.138 | INFO     | __main__:validate_data:211 - FUNCTION START: validate_data with dataframe shape=(8, 6)
2025-03-28 10:45:03.139 | INFO     | __main__:validate_data:220 - Data validation complete
2025-03-28 10:45:03.140 | INFO     | __main__:save_prepared_data:81 - FUNCTION START: save_prepared_data with file_name=products_data_prepared.csv, dataframe shape=(8, 6)
2025-03-28 10:45:03.143 | INFO     | __main__:save_prepared_data:84 - Data saved to C:\Projects\smart-store-freddy\data\prepared\products_data_prepared.csv
2025-03-28 10:45:03.143 | INFO     | __main__:main:264 - ==================================
2025-03-28 10:45:03.143 | INFO     | __main__:main:265 - FINISHED prepare_products_data.py
2025-03-28 10:45:03.143 | INFO     | __main__:main:266 - ==================================
2025-03-28 10:56:50.807 | INFO     | utils.logger:<module>:36 - Logging to file: logs\project_log.log
2025-03-28 10:56:50.807 | INFO     | __main__:main:227 - ==================================
2025-03-28 10:56:50.807 | INFO     | __main__:main:228 - STARTING prepare_products_data.py
2025-03-28 10:56:50.807 | INFO     | __main__:main:229 - ==================================
2025-03-28 10:56:50.807 | INFO     | __main__:main:231 - Root project folder: C:\Projects\smart-store-freddy
2025-03-28 10:56:50.808 | INFO     | __main__:main:232 - data / raw folder: C:\Projects\smart-store-freddy\data\raw
2025-03-28 10:56:50.808 | INFO     | __main__:main:233 - data / prepared folder: C:\Projects\smart-store-freddy\data\prepared
2025-03-28 10:56:50.808 | INFO     | __main__:read_raw_data:59 - FUNCTION START: read_raw_data with file_name=products_data.csv
2025-03-28 10:56:50.808 | INFO     | __main__:read_raw_data:61 - Reading data from C:\Projects\smart-store-freddy\data\raw\products_data.csv
2025-03-28 10:56:50.814 | INFO     | __main__:read_raw_data:63 - Loaded dataframe with 8 rows and 6 columns
2025-03-28 10:56:50.814 | INFO     | __main__:main:242 - Initial dataframe columns: ProductID, ProductName, Category, UnitPrice, StockQuantity, Supplier
2025-03-28 10:56:50.815 | INFO     | __main__:main:243 - Initial dataframe shape: (8, 6)
2025-03-28 10:56:50.816 | INFO     | __main__:main:252 - Cleaned column names: ProductID -> productid, ProductName -> productname, Category -> category, UnitPrice -> unitprice, StockQuantity -> stockquantity, Supplier -> supplier
2025-03-28 10:56:50.817 | INFO     | __main__:remove_duplicates:96 - FUNCTION START: remove_duplicates with dataframe shape=(8, 6)
2025-03-28 10:56:50.819 | INFO     | __main__:remove_duplicates:106 - Removed 0 duplicate rows
2025-03-28 10:56:50.819 | INFO     | __main__:remove_duplicates:107 - 8 records remaining after removing duplicates.
2025-03-28 10:56:50.819 | INFO     | __main__:handle_missing_values:121 - FUNCTION START: handle_missing_values with dataframe shape=(8, 6)
2025-03-28 10:56:50.821 | INFO     | __main__:handle_missing_values:126 - Missing values by column before handling:
productid        0
productname      0
category         0
unitprice        0
stockquantity    0
supplier         0
dtype: int64
2025-03-28 10:56:50.823 | INFO     | __main__:handle_missing_values:140 - Missing values by column after handling:
productid        0
productname      0
category         0
unitprice        0
stockquantity    0
supplier         0
dtype: int64
2025-03-28 10:56:50.824 | INFO     | __main__:handle_missing_values:141 - 8 records remaining after handling missing values.
2025-03-28 10:56:50.824 | INFO     | __main__:standardize_formats:188 - FUNCTION START: standardize_formats with dataframe shape=(8, 6)
2025-03-28 10:56:50.825 | INFO     | __main__:standardize_formats:198 - Completed standardizing formats
2025-03-28 10:56:50.826 | INFO     | __main__:remove_outliers:155 - FUNCTION START: remove_outliers with dataframe shape=(8, 6)
2025-03-28 10:56:50.826 | INFO     | __main__:remove_outliers:174 - Removed 0 outlier rows
2025-03-28 10:56:50.827 | INFO     | __main__:remove_outliers:175 - 8 records remaining after removing outliers.
2025-03-28 10:56:50.828 | INFO     | __main__:validate_data:211 - FUNCTION START: validate_data with dataframe shape=(8, 6)
2025-03-28 10:56:50.829 | INFO     | __main__:validate_data:220 - Data validation complete
2025-03-28 10:56:50.829 | INFO     | __main__:save_prepared_data:81 - FUNCTION START: save_prepared_data with file_name=products_data_prepared.csv, dataframe shape=(8, 6)
2025-03-28 10:56:50.835 | INFO     | __main__:save_prepared_data:84 - Data saved to C:\Projects\smart-store-freddy\data\prepared\products_data_prepared.csv
2025-03-28 10:56:50.835 | INFO     | __main__:main:264 - ==================================
2025-03-28 10:56:50.836 | INFO     | __main__:main:265 - FINISHED prepare_products_data.py
2025-03-28 10:56:50.838 | INFO     | __main__:main:266 - ==================================
2025-03-28 10:59:28.218 | INFO     | utils.logger:<module>:36 - Logging to file: logs\project_log.log
2025-03-28 10:59:28.220 | INFO     | __main__:main:59 - ======================
2025-03-28 10:59:28.221 | INFO     | __main__:main:60 - STARTING data_prep.py
2025-03-28 10:59:28.221 | INFO     | __main__:main:61 - ======================
2025-03-28 10:59:28.221 | INFO     | __main__:main:63 - ========================
2025-03-28 10:59:28.222 | INFO     | __main__:main:64 - Starting CUSTOMERS prep
2025-03-28 10:59:28.222 | INFO     | __main__:main:65 - ========================
2025-03-28 10:59:28.246 | INFO     | __main__:save_prepared_data:55 - Data saved to C:\Projects\smart-store-freddy\data\prepared\customers_data_prepared.csv
2025-03-28 10:59:28.246 | INFO     | __main__:main:85 - ========================
2025-03-28 10:59:28.247 | INFO     | __main__:main:86 - Starting PRODUCTS prep
2025-03-28 10:59:28.247 | INFO     | __main__:main:87 - ========================
2025-03-28 10:59:28.266 | INFO     | __main__:save_prepared_data:55 - Data saved to C:\Projects\smart-store-freddy\data\prepared\products_data_prepared.csv
2025-03-28 10:59:28.266 | INFO     | __main__:main:103 - ========================
2025-03-28 10:59:28.267 | INFO     | __main__:main:104 - Starting SALES prep
2025-03-28 10:59:28.267 | INFO     | __main__:main:105 - ========================
2025-03-28 10:59:28.301 | INFO     | __main__:save_prepared_data:55 - Data saved to C:\Projects\smart-store-freddy\data\prepared\sales_data_prepared.csv
2025-03-28 10:59:28.302 | INFO     | __main__:main:124 - ======================
2025-03-28 10:59:28.302 | INFO     | __main__:main:125 - FINISHED data_prep.py
2025-03-28 10:59:28.302 | INFO     | __main__:main:126 - ======================
2025-03-28 11:00:18.937 | INFO     | utils.logger:<module>:36 - Logging to file: logs\project_log.log
2025-03-28 11:00:18.939 | INFO     | __main__:main:59 - ======================
2025-03-28 11:00:18.939 | INFO     | __main__:main:60 - STARTING data_prep.py
2025-03-28 11:00:18.940 | INFO     | __main__:main:61 - ======================
2025-03-28 11:00:18.940 | INFO     | __main__:main:63 - ========================
2025-03-28 11:00:18.941 | INFO     | __main__:main:64 - Starting CUSTOMERS prep
2025-03-28 11:00:18.942 | INFO     | __main__:main:65 - ========================
2025-03-28 11:00:18.977 | INFO     | __main__:save_prepared_data:55 - Data saved to C:\Projects\smart-store-freddy\data\prepared\customers_data_prepared.csv
2025-03-28 11:00:18.978 | INFO     | __main__:main:85 - ========================
2025-03-28 11:00:18.979 | INFO     | __main__:main:86 - Starting PRODUCTS prep
2025-03-28 11:00:18.980 | INFO     | __main__:main:87 - ========================
2025-03-28 11:00:19.023 | INFO     | __main__:save_prepared_data:55 - Data saved to C:\Projects\smart-store-freddy\data\prepared\products_data_prepared.csv
2025-03-28 11:00:19.024 | INFO     | __main__:main:103 - ========================
2025-03-28 11:00:19.025 | INFO     | __main__:main:104 - Starting SALES prep
2025-03-28 11:00:19.026 | INFO     | __main__:main:105 - ========================
2025-03-28 11:00:19.081 | INFO     | __main__:save_prepared_data:55 - Data saved to C:\Projects\smart-store-freddy\data\prepared\sales_data_prepared.csv
2025-03-28 11:00:19.083 | INFO     | __main__:main:124 - ======================
2025-03-28 11:00:19.084 | INFO     | __main__:main:125 - FINISHED data_prep.py
2025-03-28 11:00:19.085 | INFO     | __main__:main:126 - ======================
2025-03-28 11:03:06.538 | INFO     | utils.logger:<module>:36 - Logging to file: logs\project_log.log
2025-03-28 11:03:06.539 | INFO     | __main__:main:262 - ==================================
2025-03-28 11:03:06.539 | INFO     | __main__:main:263 - STARTING prepare_sales_data.py
2025-03-28 11:03:06.539 | INFO     | __main__:main:264 - ==================================
2025-03-28 11:03:06.539 | INFO     | __main__:read_raw_data:59 - FUNCTION START: read_raw_data with file_name=sales_data.csv
2025-03-28 11:03:06.539 | INFO     | __main__:read_raw_data:61 - Reading data from C:\Projects\smart-store-freddy\data\raw\sales_data.csv
2025-03-28 11:03:06.545 | INFO     | __main__:read_raw_data:63 - Loaded dataframe with 94 rows and 9 columns
2025-03-28 11:03:06.546 | INFO     | __main__:read_raw_data:71 - Column datatypes: 
TransactionID      int64
SaleDate          object
CustomerID         int64
ProductID          int64
StoreID            int64
CampaignID         int64
SaleAmount       float64
BonusPoints      float64
State             object
dtype: object
2025-03-28 11:03:06.548 | INFO     | __main__:read_raw_data:72 - Number of unique values: 
TransactionID    94
SaleDate         44
CustomerID       11
ProductID         8
StoreID           6
CampaignID        4
SaleAmount       59
BonusPoints      59
State            16
dtype: int64
2025-03-28 11:03:06.549 | INFO     | __main__:main:276 - Initial dataframe columns: TransactionID, SaleDate, CustomerID, ProductID, StoreID, CampaignID, SaleAmount, BonusPoints, State
2025-03-28 11:03:06.549 | INFO     | __main__:main:277 - Initial dataframe shape: (94, 9)
2025-03-28 11:03:06.550 | INFO     | __main__:remove_duplicates:99 - FUNCTION START: remove_duplicates with dataframe shape=(94, 9)
2025-03-28 11:03:06.551 | INFO     | __main__:remove_duplicates:115 - Removed 0 duplicate rows
2025-03-28 11:03:06.551 | INFO     | __main__:remove_duplicates:116 - 94 records remaining after removing duplicates.
2025-03-28 11:03:06.551 | INFO     | __main__:handle_missing_values:130 - FUNCTION START: handle_missing_values with dataframe shape=(94, 9)
2025-03-28 11:03:06.553 | INFO     | __main__:handle_missing_values:135 - Missing values by column before handling:
TransactionID    0
SaleDate         0
CustomerID       0
ProductID        0
StoreID          0
CampaignID       0
SaleAmount       0
BonusPoints      0
State            3
dtype: int64
2025-03-28 11:03:06.555 | INFO     | __main__:handle_missing_values:152 - Missing values by column after handling:
TransactionID    0
SaleDate         0
CustomerID       0
ProductID        0
StoreID          0
CampaignID       0
SaleAmount       0
BonusPoints      0
State            0
dtype: int64
2025-03-28 11:03:06.555 | INFO     | __main__:handle_missing_values:153 - 94 records remaining after handling missing values.
2025-03-28 11:03:06.555 | INFO     | __main__:standardize_formats:212 - FUNCTION START: standardize_formats with dataframe shape=(94, 9)
2025-03-28 11:03:06.555 | INFO     | __main__:standardize_formats:222 - Completed standardizing formats
2025-03-28 11:03:06.555 | INFO     | __main__:remove_outliers:167 - FUNCTION START: remove_outliers with dataframe shape=(94, 9)
2025-03-28 11:03:06.558 | INFO     | __main__:remove_outliers:198 - Removed 51 outlier rows
2025-03-28 11:03:06.559 | INFO     | __main__:remove_outliers:199 - 43 records remaining after removing outliers.
2025-03-28 11:03:06.559 | INFO     | __main__:validate_data:235 - FUNCTION START: validate_data with dataframe shape=(43, 9)
2025-03-28 11:03:06.561 | INFO     | __main__:validate_data:249 - Found 0 sales with negative bonus points
2025-03-28 11:03:06.562 | INFO     | __main__:validate_data:255 - Data validation complete
2025-03-28 11:03:06.562 | INFO     | __main__:save_prepared_data:84 - FUNCTION START: save_prepared_data with file_name=sales_data_prepared.csv, dataframe shape=(43, 9)
2025-03-28 11:03:06.569 | INFO     | __main__:save_prepared_data:87 - Data saved to C:\Projects\smart-store-freddy\data\prepared\sales_data_prepared.csv
2025-03-28 11:03:06.570 | INFO     | __main__:main:298 - ==================================
2025-03-28 11:03:06.571 | INFO     | __main__:main:299 - FINISHED prepare_sales_data.py
2025-03-28 11:03:06.571 | INFO     | __main__:main:300 - ==================================
2025-03-28 11:03:28.840 | INFO     | utils.logger:<module>:36 - Logging to file: logs\project_log.log
2025-03-28 11:03:28.840 | INFO     | __main__:main:262 - ==================================
2025-03-28 11:03:28.841 | INFO     | __main__:main:263 - STARTING prepare_sales_data.py
2025-03-28 11:03:28.841 | INFO     | __main__:main:264 - ==================================
2025-03-28 11:03:28.841 | INFO     | __main__:read_raw_data:59 - FUNCTION START: read_raw_data with file_name=sales_data.csv
2025-03-28 11:03:28.842 | INFO     | __main__:read_raw_data:61 - Reading data from C:\Projects\smart-store-freddy\data\raw\sales_data.csv
2025-03-28 11:03:28.846 | INFO     | __main__:read_raw_data:63 - Loaded dataframe with 94 rows and 9 columns
2025-03-28 11:03:28.848 | INFO     | __main__:read_raw_data:71 - Column datatypes: 
TransactionID      int64
SaleDate          object
CustomerID         int64
ProductID          int64
StoreID            int64
CampaignID         int64
SaleAmount       float64
BonusPoints      float64
State             object
dtype: object
2025-03-28 11:03:28.849 | INFO     | __main__:read_raw_data:72 - Number of unique values: 
TransactionID    94
SaleDate         44
CustomerID       11
ProductID         8
StoreID           6
CampaignID        4
SaleAmount       59
BonusPoints      59
State            16
dtype: int64
2025-03-28 11:03:28.850 | INFO     | __main__:main:276 - Initial dataframe columns: TransactionID, SaleDate, CustomerID, ProductID, StoreID, CampaignID, SaleAmount, BonusPoints, State
2025-03-28 11:03:28.851 | INFO     | __main__:main:277 - Initial dataframe shape: (94, 9)
2025-03-28 11:03:28.851 | INFO     | __main__:remove_duplicates:99 - FUNCTION START: remove_duplicates with dataframe shape=(94, 9)
2025-03-28 11:03:28.852 | INFO     | __main__:remove_duplicates:115 - Removed 0 duplicate rows
2025-03-28 11:03:28.852 | INFO     | __main__:remove_duplicates:116 - 94 records remaining after removing duplicates.
2025-03-28 11:03:28.853 | INFO     | __main__:handle_missing_values:130 - FUNCTION START: handle_missing_values with dataframe shape=(94, 9)
2025-03-28 11:03:28.854 | INFO     | __main__:handle_missing_values:135 - Missing values by column before handling:
TransactionID    0
SaleDate         0
CustomerID       0
ProductID        0
StoreID          0
CampaignID       0
SaleAmount       0
BonusPoints      0
State            3
dtype: int64
2025-03-28 11:03:28.857 | INFO     | __main__:handle_missing_values:152 - Missing values by column after handling:
TransactionID    0
SaleDate         0
CustomerID       0
ProductID        0
StoreID          0
CampaignID       0
SaleAmount       0
BonusPoints      0
State            0
dtype: int64
2025-03-28 11:03:28.857 | INFO     | __main__:handle_missing_values:153 - 94 records remaining after handling missing values.
2025-03-28 11:03:28.857 | INFO     | __main__:standardize_formats:212 - FUNCTION START: standardize_formats with dataframe shape=(94, 9)
2025-03-28 11:03:28.858 | INFO     | __main__:standardize_formats:222 - Completed standardizing formats
2025-03-28 11:03:28.859 | INFO     | __main__:remove_outliers:167 - FUNCTION START: remove_outliers with dataframe shape=(94, 9)
2025-03-28 11:03:28.862 | INFO     | __main__:remove_outliers:198 - Removed 51 outlier rows
2025-03-28 11:03:28.862 | INFO     | __main__:remove_outliers:199 - 43 records remaining after removing outliers.
2025-03-28 11:03:28.863 | INFO     | __main__:validate_data:235 - FUNCTION START: validate_data with dataframe shape=(43, 9)
2025-03-28 11:03:28.866 | INFO     | __main__:validate_data:249 - Found 0 sales with negative bonus points
2025-03-28 11:03:28.871 | INFO     | __main__:validate_data:255 - Data validation complete
2025-03-28 11:03:28.872 | INFO     | __main__:save_prepared_data:84 - FUNCTION START: save_prepared_data with file_name=sales_data_prepared.csv, dataframe shape=(43, 9)
2025-03-28 11:03:28.880 | INFO     | __main__:save_prepared_data:87 - Data saved to C:\Projects\smart-store-freddy\data\prepared\sales_data_prepared.csv
2025-03-28 11:03:28.881 | INFO     | __main__:main:298 - ==================================
2025-03-28 11:03:28.882 | INFO     | __main__:main:299 - FINISHED prepare_sales_data.py
2025-03-28 11:03:28.882 | INFO     | __main__:main:300 - ==================================
2025-03-28 11:04:23.239 | INFO     | utils.logger:<module>:36 - Logging to file: logs\project_log.log
2025-03-28 11:04:23.241 | INFO     | __main__:main:59 - ======================
2025-03-28 11:04:23.241 | INFO     | __main__:main:60 - STARTING data_prep.py
2025-03-28 11:04:23.241 | INFO     | __main__:main:61 - ======================
2025-03-28 11:04:23.241 | INFO     | __main__:main:63 - ========================
2025-03-28 11:04:23.242 | INFO     | __main__:main:64 - Starting CUSTOMERS prep
2025-03-28 11:04:23.242 | INFO     | __main__:main:65 - ========================
2025-03-28 11:04:23.263 | INFO     | __main__:save_prepared_data:55 - Data saved to C:\Projects\smart-store-freddy\data\prepared\customers_data_prepared.csv
2025-03-28 11:04:23.264 | INFO     | __main__:main:85 - ========================
2025-03-28 11:04:23.265 | INFO     | __main__:main:86 - Starting PRODUCTS prep
2025-03-28 11:04:23.266 | INFO     | __main__:main:87 - ========================
2025-03-28 11:04:23.286 | INFO     | __main__:save_prepared_data:55 - Data saved to C:\Projects\smart-store-freddy\data\prepared\products_data_prepared.csv
2025-03-28 11:04:23.286 | INFO     | __main__:main:103 - ========================
2025-03-28 11:04:23.287 | INFO     | __main__:main:104 - Starting SALES prep
2025-03-28 11:04:23.287 | INFO     | __main__:main:105 - ========================
2025-03-28 11:04:23.320 | INFO     | __main__:save_prepared_data:55 - Data saved to C:\Projects\smart-store-freddy\data\prepared\sales_data_prepared.csv
2025-03-28 11:04:23.321 | INFO     | __main__:main:124 - ======================
2025-03-28 11:04:23.321 | INFO     | __main__:main:125 - FINISHED data_prep.py
2025-03-28 11:04:23.322 | INFO     | __main__:main:126 - ======================
